<?xml version="1.0" encoding="UTF-8"?>
<!-- Generated by org.testng.reporters.JUnitReportReporter -->
<testsuite hostname="ISD-EDLMAC-L01.local" failures="0" tests="1" name="GetRequest" time="1.169" errors="0" timestamp="2023-01-04T21:33:43 PST" skipped="0">
  <testcase classname="GetRequest" name="getWeatherDetails" time="1.169"/>
  <system-out/>
</testsuite> <!-- GetRequest -->
